Batt:13.25V | Ambient:2.0C | Load:0.0% | Oil:0kPa | IAT:3.0C | Odo:8332.4km | VIN:3D3MU48C94G228471 | PCI:358
Batt:13.25V | Ambient:2.0C | Load:0.0% | Oil:0kPa | IAT:3.0C | Odo:8332.4km | VIN:3D3MU48C94G228471 | PCI:390
CUMMINS RX ID:0x18FEF100 [8]: FF 00 00 00 00 00 00 C0 
Batt:13.19V | Ambient:2.0C | Load:0.0% | Oil:0kPa | IAT:3.0C | Odo:8332.4km | VIN:3D3MU48C94G228471 | PCI:421
CUMMINS RX ID:0x18ECFF00 [8]: 20 15 00 03 FF EC FE 00 
CUMMINS RX ID:0x18EBFF00 [8]: 01 33 44 33 4D 55 34 38 
CUMMINS RX ID:0x18EBFF00 [8]: 02 43 39 34 47 32 32 38 
CUMMINS RX ID:0x18EBFF00 [8]: 03 34 37 31 FF FF FF 2A 
Batt:13.19V | Ambient:2.0C | Load:0.0% | Oil:0kPa | IAT:3.0C | Odo:8332.4km | VIN:3D3MU48C94G228471 | PCI:447
CUMMINS RX ID:0x18FEE000 [8]: 00 00 00 00 63 04 01 00 
CUMMINS odometer: 8332.4 km
Batt:13.13V | Ambient:2.0C | Load:0.0% | Oil:0kPa | IAT:3.0C | Odo:8332.4km | VIN:3D3MU48C94G228471 | PCI:479
CUMMINS RX ID:0x18FEEE00 [8]: 2B FE E8 1F FF FF FF FF 
Batt:13.00V | Ambient:2.0C | Load:0.0% | Oil:0kPa | IAT:3.0C | Odo:8332.4km | VIN:3D3MU48C94G228471 | PCI:510
>>> PID SCAN STARTED
MSCAN 1/4 svc:0x22 addr:0x0
Batt:13.00V | Ambient:2.0C | Load:0.0% | Oil:0kPa | IAT:3.0C | Odo:8332.4km | VIN:3D3MU48C94G228471 | PCI:540
CUMMINS RX ID:0x18FEF100 [8]: FF 00 00 00 00 00 00 C0 
Batt:13.00V | Ambient:2.0C | Load:0.0% | Oil:0kPa | IAT:3.0C | Odo:8332.4km | VIN:3D3MU48C94G228471 | PCI:569
CUMMINS RX ID:0x18ECFF00 [8]: 20 15 00 03 FF EC FE 00 
CUMMINS RX ID:0x18EBFF00 [8]: 01 33 44 33 4D 55 34 38 
CUMMINS RX ID:0x18EBFF00 [8]: 02 43 39 34 47 32 32 38 
CUMMINS RX ID:0x18EBFF00 [8]: 03 34 37 31 FF FF FF 2A 
Batt:13.00V | Ambient:2.0C | Load:0.0% | Oil:0kPa | IAT:3.0C | Odo:8332.4km | VIN:3D3MU48C94G228471 | PCI:600
CUMMINS RX ID:0x18FEE000 [8]: 00 00 00 00 63 04 01 00 
CUMMINS odometer: 8332.4 km
MSCAN 1/4 svc:0x22 addr:0x20
Batt:13.00V | Ambient:2.0C | Load:0.0% | Oil:0kPa | IAT:3.0C | Odo:8332.4km | VIN:3D3MU48C94G228471 | PCI:630
CUMMINS RX ID:0x18FEEE00 [8]: 2B FE E8 1F FF FF FF FF 
Batt:12.94V | Ambient:2.0C | Load:0.0% | Oil:0kPa | IAT:3.0C | Odo:8332.4km | VIN:3D3MU48C94G228471 | PCI:647
Batt:12.94V | Ambient:2.0C | Load:0.0% | Oil:0kPa | IAT:3.0C | Odo:8332.4km | VIN:3D3MU48C94G228471 | PCI:655
CUMMINS RX ID:0x18FEF100 [8]: FF 00 00 00 00 00 00 C0 
MSCAN 1/4 svc:0x22 addr:0x40
Batt:13.06V | Ambient:2.0C | Load:0.0% | Oil:0kPa | IAT:3.0C | Odo:8332.4km | VIN:3D3MU48C94G228471 | PCI:681
CUMMINS RX ID:0x18ECFF00 [8]: 20 15 00 03 FF EC FE 00 
CUMMINS RX ID:0x18EBFF00 [8]: 01 33 44 33 4D 55 34 38 
CUMMINS RX ID:0x18EBFF00 [8]: 02 43 39 34 47 32 32 38 
CUMMINS RX ID:0x18EBFF00 [8]: 03 34 37 31 FF FF FF 2A 
Batt:13.19V | Ambient:2.0C | Load:0.0% | Oil:0kPa | IAT:3.0C | Odo:8332.4km | VIN:3D3MU48C94G228471 | PCI:713
CUMMINS RX ID:0x18FEE000 [8]: 00 00 00 00 63 04 01 00 
CUMMINS odometer: 8332.4 km
Batt:13.25V | Ambient:2.0C | Load:0.0% | Oil:0kPa | IAT:3.0C | Odo:8332.4km | VIN:3D3MU48C94G228471 | PCI:745
CUMMINS RX ID:0x18FEEE00 [8]: 2B FE E8 1F FF FF FF FF 
MSCAN 1/4 svc:0x22 addr:0x60
Batt:13.38V | Ambient:2.0C | Load:0.0% | Oil:0kPa | IAT:3.0C | Odo:8332.4km | VIN:3X3MU48C94G228471 | PCI:771
Batt:13.38V | Ambient:2.0C | Load:0.0% | Oil:0kPa | IAT:3.0C | Odo:8332.4km | VIN:3D3MU48C94G228471 | PCI:802
CUMMINS RX ID:0x18FEF100 [8]: FF 00 00 00 00 00 00 C0 
Batt:13.38V | Ambient:2.0C | Load:0.0% | Oil:0kPa | IAT:3.0C | Odo:8332.4km | VIN:3D3MU48C94G228471 | PCI:832
CUMMINS RX ID:0x18ECFF00 [8]: 20 15 00 03 FF EC FE 00 
CUMMINS RX ID:0x18EBFF00 [8]: 01 33 44 33 4D 55 34 38 
CUMMINS RX ID:0x18EBFF00 [8]: 02 43 39 34 47 32 32 38 
CUMMINS RX ID:0x18EBFF00 [8]: 03 34 37 31 FF FF FF 2A 
Batt:13.38V | Ambient:2.0C | Load:0.0% | Oil:0kPa | IAT:3.0C | Odo:8332.4km | VIN:3D3MU48C94G228471 | PCI:863
CUMMINS RX ID:0x18FEE000 [8]: 00 00 00 00 63 04 01 00 
CUMMINS odometer: 8332.4 km
MSCAN 1/4 svc:0x22 addr:0x80
Batt:13.38V | Ambient:2.0C | Load:0.0% | Oil:0kPa | IAT:3.0C | Odo:8332.4km | VIN:3D3MU48C94G228471 | PCI:890
CUMMINS RX ID:0x18FEEE00 [8]: 2B FE E8 1F FF FF FF FF 
Batt:13.19V | Ambient:2.0C | Load:0.0% | Oil:0kPa | IAT:3.0C | Odo:8332.4km | VIN:3D3MU48C94G228471 | PCI:920
Batt:13.00V | Ambient:2.0C | Load:0.0% | Oil:0kPa | IAT:3.0C | Odo:8332.4km | VIN:3D3MU48C94G228471 | PCI:952
CUMMINS RX ID:0x18FEF100 [8]: FF 00 00 00 00 00 00 C0 
MSCAN 1/4 svc:0x22 addr:0xA0
Batt:12.94V | Ambient:2.0C | Load:0.0% | Oil:0kPa | IAT:3.0C | Odo:8332.4km | VIN:3D3MU48C94G228471 | PCI:978
CUMMINS RX ID:0x18ECFF00 [8]: 20 15 00 03 FF EC FE 00 
CUMMINS RX ID:0x18EBFF00 [8]: 01 33 44 33 4D 55 34 38 
CUMMINS RX ID:0x18EBFF00 [8]: 02 43 39 34 47 32 32 38 
CUMMINS RX ID:0x18EBFF00 [8]: 03 34 37 31 FF FF FF 2A 
Batt:12.94V | Ambient:2.0C | Load:0.0% | Oil:0kPa | IAT:3.0C | Odo:8332.4km | VIN:3D3MU48C94G228471 | PCI:1009
CUMMINS RX ID:0x18FEE000 [8]: 00 00 00 00 63 04 01 00 
CUMMINS odometer: 8332.4 km
Batt:12.94V | Ambient:2.0C | Load:0.0% | Oil:0kPa | IAT:3.0C | Odo:8332.4km | VIN:3D3MU48C94G228471 | PCI:1041
CUMMINS RX ID:0x18FEEE00 [8]: 2B FE E8 1F FF FF FF FF 
MSCAN 1/4 svc:0x22 addr:0xC0
Batt:12.81V | Ambient:2.0C | Load:0.0% | Oil:0kPa | IAT:3.0C | Odo:8332.4km | VIN:3D3MU48C94G228471 | PCI:1071
Batt:13.13V | Ambient:2.0C | Load:0.0% | Oil:0kPa | IAT:3.0C | Odo:8332.4km | VIN:3D3MU48C94G228471 | PCI:1097
CUMMINS RX ID:0x18FEF100 [8]: FF 00 00 00 00 00 00 C0 
Batt:13.19V | Ambient:2.0C | Load:0.0% | Oil:0kPa | IAT:3.0C | Odo:8332.4km | VIN:3D3MU48C94G228471 | PCI:1129
CUMMINS RX ID:0x18ECFF00 [8]: 20 15 00 03 FF EC FE 00 
CUMMINS RX ID:0x18EBFF00 [8]: 01 33 44 33 4D 55 34 38 
CUMMINS RX ID:0x18EBFF00 [8]: 02 43 39 34 47 32 32 38 
CUMMINS RX ID:0x18EBFF00 [8]: 03 34 37 31 FF FF FF 2A 
MSCAN 1/4 svc:0x22 addr:0xE0
Batt:13.19V | Ambient:2.0C | Load:0.0% | Oil:0kPa | IAT:3.0C | Odo:8332.4km | VIN:3D3MU48C94G228471 | PCI:1134
CUMMINS RX ID:0x18FEE000 [8]: 00 00 00 00 63 04 01 00 
CUMMINS odometer: 8332.4 km
Batt:13.19V | Ambient:2.0C | Load:0.0% | Oil:0kPa | IAT:3.0C | Odo:8332.4km | VIN:3D3MU48C94G228471 | PCI:1151
CUMMINS RX ID:0x18FEEE00 [8]: 2B FE E8 1F FF FF FF FF 
Batt:13.19V | Ambient:2.0C | Load:0.0% | Oil:0kPa | IAT:3.0C | Odo:8332.4km | VIN:3D3MU48C94G228471 | PCI:1154
MSCAN 2/4 svc:0x3C addr:0x0
Batt:13.13V | Ambient:2.0C | Load:0.0% | Oil:0kPa | IAT:3.0C | Odo:8332.4km | VIN:3D3MU48C94G228471 | PCI:1171
CUMMINS RX ID:0x18FEF100 [8]: FF 00 00 00 00 00 00 C0 
Batt:13.13V | Ambient:2.0C | Load:0.0% | Oil:0kPa | IAT:3.0C | Odo:8332.4km | VIN:3D3MU48C94G228471 | PCI:1202
CUMMINS RX ID:0x18ECFF00 [8]: 20 15 00 03 FF EC FE 00 
CUMMINS RX ID:0x18EBFF00 [8]: 01 33 44 33 4D 55 34 38 
CUMMINS RX ID:0x18EBFF00 [8]: 02 43 39 34 47 32 32 38 
CUMMINS RX ID:0x18EBFF00 [8]: 03 34 37 31 FF FF FF 2A 
Batt:13.13V | Ambient:2.0C | Load:0.0% | Oil:0kPa | IAT:3.0C | Odo:8332.4km | VIN:3D3MU48C94G228471 | PCI:1213
CUMMINS RX ID:0x18FEE000 [8]: 00 00 00 00 63 04 01 00 
CUMMINS odometer: 8332.4 km
Batt:13.06V | Ambient:2.0C | Load:0.0% | Oil:0kPa | IAT:3.0C | Odo:8332.4km | VIN:3D3MU48C94G228471 | PCI:1226
CUMMINS RX ID:0x18FEEE00 [8]: 2B FE E8 1F FF FF FF FF 
MSCAN 2/4 svc:0x3C addr:0x20
Batt:13.06V | Ambient:2.0C | Load:0.0% | Oil:0kPa | IAT:3.0C | Odo:8332.4km | VIN:3X3MU48C94G228471 | PCI:1253
Batt:13.06V | Ambient:2.0C | Load:0.0% | Oil:0kPa | IAT:3.0C | Odo:8332.4km | VIN:3D3MU48C94G228471 | PCI:1283
CUMMINS RX ID:0x18FEF100 [8]: FF 00 00 00 00 00 00 C0 
Batt:13.06V | Ambient:2.0C | Load:0.0% | Oil:0kPa | IAT:3.0C | Odo:8332.4km | VIN:3D3MU48C94G228471 | PCI:1305
CUMMINS RX ID:0x18ECFF00 [8]: 20 15 00 03 FF EC FE 00 
CUMMINS RX ID:0x18EBFF00 [8]: 01 33 44 33 4D 55 34 38 
CUMMINS RX ID:0x18EBFF00 [8]: 02 43 39 34 47 32 32 38 
CUMMINS RX ID:0x18EBFF00 [8]: 03 34 37 31 FF FF FF 2A 
MSCAN 2/4 svc:0x3C addr:0x40
Batt:13.06V | Ambient:2.0C | Load:0.0% | Oil:0kPa | IAT:3.0C | Odo:8332.4km | VIN:3D3MU48C94G228471 | PCI:1312
CUMMINS RX ID:0x18FEE000 [8]: 00 00 00 00 63 04 01 00 
CUMMINS odometer: 8332.4 km
Batt:13.38V | Ambient:2.0C | Load:0.0% | Oil:0kPa | IAT:3.0C | Odo:8332.4km | VIN:3D3MU48C94G228471 | PCI:1338
CUMMINS RX ID:0x18FEEE00 [8]: 2B FE E8 1F FF FF FF FF 
Batt:13.38V | Ambient:2.0C | Load:0.0% | Oil:0kPa | IAT:3.0C | Odo:8332.4km | VIN:3D3MU48C94G228471 | PCI:1369
MSCAN 2/4 svc:0x3C addr:0x60
Batt:13.13V | Ambient:2.0C | Load:0.0% | Oil:0kPa | IAT:3.0C | Odo:8332.4km | VIN:3D3MU48C94G228471 | PCI:1382
CUMMINS RX ID:0x18FEF100 [8]: FF 00 00 00 00 00 00 C0 
Batt:13.00V | Ambient:2.0C | Load:0.0% | Oil:0kPa | IAT:3.0C | Odo:8332.4km | VIN:3D3MU48C94G228471 | PCI:1401
CUMMINS RX ID:0x18ECFF00 [8]: 20 15 00 03 FF EC FE 00 
CUMMINS RX ID:0x18EBFF00 [8]: 01 33 44 33 4D 55 34 38 
CUMMINS RX ID:0x18EBFF00 [8]: 02 43 39 34 47 32 32 38 
CUMMINS RX ID:0x18EBFF00 [8]: 03 34 37 31 FF FF FF 2A 
Batt:13.00V | Ambient:2.0C | Load:0.0% | Oil:0kPa | IAT:3.0C | Odo:8332.4km | VIN:3D3MU48C94G228471 | PCI:1406
CUMMINS RX ID:0x18FEE000 [8]: 00 00 00 00 63 04 01 00 
CUMMINS odometer: 8332.4 km
MSCAN 2/4 svc:0x3C addr:0x80
Batt:12.81V | Ambient:2.0C | Load:0.0% | Oil:0kPa | IAT:3.0C | Odo:8332.4km | VIN:3D3MU48C94G228471 | PCI:1421
CUMMINS RX ID:0x18FEEE00 [8]: 2B FE E8 1F FF FF FF FF 
Batt:12.81V | Ambient:2.0C | Load:0.0% | Oil:0kPa | IAT:3.0C | Odo:8332.4km | VIN:3D3MU48C94G228471 | PCI:1426
Batt:12.81V | Ambient:2.0C | Load:0.0% | Oil:0kPa | IAT:3.0C | Odo:8332.4km | VIN:3D3MU48C94G228471 | PCI:1428
CUMMINS RX ID:0x18FEF100 [8]: FF 00 00 00 00 00 00 C0 
MSCAN 2/4 svc:0x3C addr:0xA0
Batt:12.81V | Ambient:2.0C | Load:0.0% | Oil:0kPa | IAT:3.0C | Odo:8332.4km | VIN:3D3MU48C94G228471 | PCI:1434
CUMMINS RX ID:0x18ECFF00 [8]: 20 15 00 03 FF EC FE 00 
CUMMINS RX ID:0x18EBFF00 [8]: 01 33 44 33 4D 55 34 38 
CUMMINS RX ID:0x18EBFF00 [8]: 02 43 39 34 47 32 32 38 
CUMMINS RX ID:0x18EBFF00 [8]: 03 34 37 31 FF FF FF 2A 
Batt:13.13V | Ambient:2.0C | Load:0.0% | Oil:0kPa | IAT:3.0C | Odo:8332.4km | VIN:3D3MU48C94G228471 | PCI:1445
CUMMINS RX ID:0x18FEE000 [8]: 00 00 00 00 63 04 01 00 
CUMMINS odometer: 8332.4 km
Batt:13.19V | Ambient:2.0C | Load:0.0% | Oil:0kPa | IAT:3.0C | Odo:8332.4km | VIN:3D3MU48C94G228471 | PCI:1472
CUMMINS RX ID:0x18FEEE00 [8]: 2B FE E8 1F FF FF FF FF 
Batt:13.19V | Ambient:2.0C | Load:0.0% | Oil:0kPa | IAT:3.0C | Odo:8332.4km | VIN:3D3MU48C94G228471 | PCI:1503
MSCAN 2/4 svc:0x3C addr:0xC0
Batt:13.19V | Ambient:2.0C | Load:0.0% | Oil:0kPa | IAT:3.0C | Odo:8332.4km | VIN:3D3MU48C94G228471 | PCI:1535
CUMMINS RX ID:0x18FEF100 [8]: FF 00 00 00 00 00 00 C0 
Batt:13.19V | Ambient:2.0C | Load:0.0% | Oil:0kPa | IAT:3.0C | Odo:8332.4km | VIN:3D3MU48C94G228471 | PCI:1562
CUMMINS RX ID:0x18ECFF00 [8]: 20 15 00 03 FF EC FE 00 
CUMMINS RX ID:0x18EBFF00 [8]: 01 33 44 33 4D 55 34 38 
CUMMINS RX ID:0x18EBFF00 [8]: 02 43 39 34 47 32 32 38 
CUMMINS RX ID:0x18EBFF00 [8]: 03 34 37 31 FF FF FF 2A 
Batt:13.19V | Ambient:2.0C | Load:0.0% | Oil:0kPa | IAT:3.0C | Odo:8332.4km | VIN:3D3MU48C94G228471 | PCI:1565
CUMMINS RX ID:0x18FEE000 [8]: 00 00 00 00 63 04 01 00 
CUMMINS odometer: 8332.4 km
MSCAN 2/4 svc:0x3C addr:0xE0
Batt:13.19V | Ambient:2.0C | Load:0.0% | Oil:0kPa | IAT:2.0C | Odo:8332.4km | VIN:3D3MU48C94G228471 | PCI:1585
CUMMINS RX ID:0x18FEEE00 [8]: 2B FE E8 1F FF FF FF FF 
Batt:13.19V | Ambient:2.0C | Load:0.0% | Oil:0kPa | IAT:2.0C | Odo:8332.4km | VIN:3D3MU48C94G228471 | PCI:1616
Batt:13.19V | Ambient:2.0C | Load:0.0% | Oil:0kPa | IAT:3.0C | Odo:8332.4km | VIN:3D3MU48C94G228471 | PCI:1642
CUMMINS RX ID:0x18FEF100 [8]: FF 00 00 00 00 00 00 C0 
MSCAN 3/4 svc:0x1A addr:0x0
Batt:13.19V | Ambient:2.0C | Load:0.0% | Oil:0kPa | IAT:2.0C | Odo:8332.4km | VIN:3D3MU48C94G228471 | PCI:1672
CUMMINS RX ID:0x18ECFF00 [8]: 20 15 00 03 FF EC FE 00 
CUMMINS RX ID:0x18EBFF00 [8]: 01 33 44 33 4D 55 34 38 
CUMMINS RX ID:0x18EBFF00 [8]: 02 43 39 34 47 32 32 38 
CUMMINS RX ID:0x18EBFF00 [8]: 03 34 37 31 FF FF FF 2A 
Batt:13.19V | Ambient:2.0C | Load:0.0% | Oil:0kPa | IAT:2.0C | Odo:8332.4km | VIN:3D3MU48C94G228471 | PCI:1683
CUMMINS RX ID:0x18FEE000 [8]: 00 00 00 00 63 04 01 00 
CUMMINS odometer: 8332.4 km
Batt:13.06V | Ambient:2.0C | Load:0.0% | Oil:0kPa | IAT:3.0C | Odo:8332.4km | VIN:3D3MU48C94G228471 | PCI:1703
CUMMINS RX ID:0x18FEEE00 [8]: 2B FE E8 1F FF FF FF FF 
MSCAN 3/4 svc:0x1A addr:0x20
Batt:13.19V | Ambient:2.0C | Load:0.0% | Oil:0kPa | IAT:2.0C | Odo:8332.4km | VIN:3D3MU48C94G228471 | PCI:1735
Batt:13.19V | Ambient:2.0C | Load:0.0% | Oil:0kPa | IAT:2.0C | Odo:8332.4km | VIN:3D3MU48C94G228471 | PCI:1738
CUMMINS RX ID:0x18FEF100 [8]: FF 00 00 00 00 00 00 C0 
Batt:12.88V | Ambient:2.0C | Load:0.0% | Oil:0kPa | IAT:2.0C | Odo:8332.4km | VIN:3D3MU48C94G228471 | PCI:1752
CUMMINS RX ID:0x18ECFF00 [8]: 20 15 00 03 FF EC FE 00 
CUMMINS RX ID:0x18EBFF00 [8]: 01 33 44 33 4D 55 34 38 
CUMMINS RX ID:0x18EBFF00 [8]: 02 43 39 34 47 32 32 38 
CUMMINS RX ID:0x18EBFF00 [8]: 03 34 37 31 FF FF FF 2A 
MSCAN 3/4 svc:0x1A addr:0x40
Batt:12.88V | Ambient:2.0C | Load:0.0% | Oil:0kPa | IAT:2.0C | Odo:8332.4km | VIN:3D3MU48C94G228471 | PCI:1759
CUMMINS RX ID:0x18FEE000 [8]: 00 00 00 00 63 04 01 00 
CUMMINS odometer: 8332.4 km
Batt:12.81V | Ambient:2.0C | Load:0.0% | Oil:0kPa | IAT:2.0C | Odo:8332.4km | VIN:3D3MU48C94G228471 | PCI:1772
CUMMINS RX ID:0x18FEEE00 [8]: 2B FE E8 1F FF FF FF FF 
Batt:13.00V | Ambient:2.0C | Load:0.0% | Oil:0kPa | IAT:2.0C | Odo:8332.4km | VIN:3D3MU48C94G228471 | PCI:1800
Batt:13.06V | Ambient:2.0C | Load:0.0% | Oil:0kPa | IAT:2.0C | Odo:8332.4km | VIN:3D3MU48C94G228471 | PCI:1829
CUMMINS RX ID:0x18FEF100 [8]: FF 00 00 00 00 00 00 C0 
MSCAN 3/4 svc:0x1A addr:0x60
Batt:13.06V | Ambient:2.0C | Load:0.0% | Oil:0kPa | IAT:2.0C | Odo:8332.4km | VIN:3D3MU48C94G228471 | PCI:1860
CUMMINS RX ID:0x18ECFF00 [8]: 20 15 00 03 FF EC FE 00 
CUMMINS RX ID:0x18EBFF00 [8]: 01 33 44 33 4D 55 34 38 
CUMMINS RX ID:0x18EBFF00 [8]: 02 43 39 34 47 32 32 38 
CUMMINS RX ID:0x18EBFF00 [8]: 03 34 37 31 FF FF FF 2A 
Batt:13.06V | Ambient:2.0C | Load:0.0% | Oil:0kPa | IAT:2.0C | Odo:8332.4km | VIN:3D3MU48C94G228471 | PCI:1891
CUMMINS RX ID:0x18FEE000 [8]: 00 00 00 00 63 04 01 00 
CUMMINS odometer: 8332.4 km
Batt:13.13V | Ambient:2.0C | Load:0.0% | Oil:0kPa | IAT:2.0C | Odo:8332.4km | VIN:3D3MU48C94G228471 | PCI:1918
CUMMINS RX ID:0x18FEEE00 [8]: 2B FE E8 1F FF FF FF FF 
MSCAN 3/4 svc:0x1A addr:0x80
Batt:13.13V | Ambient:2.0C | Load:0.0% | Oil:0kPa | IAT:2.0C | Odo:8332.4km | VIN:3D3MU48C94G228471 | PCI:1949
Batt:13.06V | Ambient:2.0C | Load:0.0% | Oil:0kPa | IAT:2.0C | Odo:8332.4km | VIN:3D3MU48C94G228471 | PCI:1981
CUMMINS RX ID:0x18FEF100 [8]: FF 00 00 00 00 00 00 C0 
Batt:13.13V | Ambient:2.0C | Load:0.0% | Oil:0kPa | IAT:2.0C | Odo:8332.4km | VIN:3D3MU48C94G228471 | PCI:2008
CUMMINS RX ID:0x18ECFF00 [8]: 20 15 00 03 FF EC FE 00 
CUMMINS RX ID:0x18EBFF00 [8]: 01 33 44 33 4D 55 34 38 
CUMMINS RX ID:0x18EBFF00 [8]: 02 43 39 34 47 32 32 38 
CUMMINS RX ID:0x18EBFF00 [8]: 03 34 37 31 FF FF FF 2A 
MSCAN 3/4 svc:0x1A addr:0xA0
Batt:13.19V | Ambient:2.0C | Load:0.0% | Oil:0kPa | IAT:2.0C | Odo:8332.4km | VIN:3D3MU48C94G228471 | PCI:2038
CUMMINS RX ID:0x18FEE000 [8]: 00 00 00 00 63 04 01 00 
CUMMINS odometer: 8332.4 km
Batt:13.25V | Ambient:2.0C | Load:0.0% | Oil:0kPa | IAT:2.0C | Odo:8332.4km | VIN:3D3MU48C94G228471 | PCI:2070
CUMMINS RX ID:0x18FEEE00 [8]: 2B FE E8 1F FF FF FF FF 
Batt:13.31V | Ambient:2.0C | Load:0.0% | Oil:0kPa | IAT:2.0C | Odo:8332.4km | VIN:3D3MU48C94G228471 | PCI:2100
MSCAN 3/4 svc:0x1A addr:0xC0
Batt:13.50V | Ambient:2.0C | Load:0.0% | Oil:0kPa | IAT:2.0C | Odo:8332.4km | VIN:3D3MU48C94G228471 | PCI:2127
CUMMINS RX ID:0x18FEF100 [8]: FF 00 00 00 00 00 00 C0 
Batt:13.50V | Ambient:2.0C | Load:0.0% | Oil:0kPa | IAT:2.0C | Odo:8332.4km | VIN:3D3MU48C94G228471 | PCI:2150
CUMMINS RX ID:0x18ECFF00 [8]: 20 15 00 03 FF EC FE 00 
CUMMINS RX ID:0x18EBFF00 [8]: 01 33 44 33 4D 55 34 38 
CUMMINS RX ID:0x18EBFF00 [8]: 02 43 39 34 47 32 32 38 
CUMMINS RX ID:0x18EBFF00 [8]: 03 34 37 31 FF FF FF 2A 
Batt:13.56V | Ambient:2.0C | Load:0.0% | Oil:0kPa | IAT:2.0C | Odo:8332.4km | VIN:3D3MU48C94G228471 | PCI:2161
CUMMINS RX ID:0x18FEE000 [8]: 00 00 00 00 63 04 01 00 
CUMMINS odometer: 8332.4 km
MSCAN 3/4 svc:0x1A addr:0xE0
Batt:13.56V | Ambient:2.0C | Load:0.0% | Oil:0kPa | IAT:2.0C | Odo:8332.4km | VIN:3D3MU48C94G228471 | PCI:2187
CUMMINS RX ID:0x18FEEE00 [8]: 2B FE E8 1F FF FF FF FF 
Batt:13.50V | Ambient:2.0C | Load:0.0% | Oil:0kPa | IAT:2.0C | Odo:8332.4km | VIN:3D3MU48C94G228471 | PCI:2210
Batt:13.50V | Ambient:2.0C | Load:0.0% | Oil:0kPa | IAT:2.0C | Odo:8332.4km | VIN:3D3MU48C94G228471 | PCI:2215
CUMMINS RX ID:0x18FEF100 [8]: FF 00 00 00 00 00 00 C0 
Batt:13.13V | Ambient:2.0C | Load:0.0% | Oil:0kPa | IAT:2.0C | Odo:8332.4km | VIN:3D3MU48C94G228471 | PCI:2242
CUMMINS RX ID:0x18ECFF00 [8]: 20 15 00 03 FF EC FE 00 
CUMMINS RX ID:0x18EBFF00 [8]: 01 33 44 33 4D 55 34 38 
CUMMINS RX ID:0x18EBFF00 [8]: 02 43 39 34 47 32 32 38 
CUMMINS RX ID:0x18EBFF00 [8]: 03 34 37 31 FF FF FF 2A 
MSCAN 4/4 svc:0x21 addr:0x0
Batt:13.13V | Ambient:2.0C | Load:0.0% | Oil:0kPa | IAT:2.0C | Odo:8332.4km | VIN:3D3MU48C94G228471 | PCI:2251
CUMMINS RX ID:0x18FEE000 [8]: 00 00 00 00 63 04 01 00 
CUMMINS odometer: 8332.4 km
Batt:13.06V | Ambient:2.0C | Load:0.0% | Oil:0kPa | IAT:2.0C | Odo:8332.4km | VIN:3D3MU48C94G228471 | PCI:2266
CUMMINS RX ID:0x18FEEE00 [8]: 2B FE E8 1F FF FF FF FF 
Batt:13.19V | Ambient:2.0C | Load:0.0% | Oil:0kPa | IAT:2.0C | Odo:8332.4km | VIN:3D3MU48C94G228471 | PCI:2297
MSCAN 4/4 svc:0x21 addr:0x20
Batt:13.31V | Ambient:2.0C | Load:0.0% | Oil:0kPa | IAT:2.0C | Odo:8332.4km | VIN:3D3MU48C94G228471 | PCI:2324
CUMMINS RX ID:0x18FEF100 [8]: FF 00 00 00 00 00 00 C0 
Batt:13.31V | Ambient:2.0C | Load:0.0% | Oil:0kPa | IAT:2.0C | Odo:8332.4km | VIN:3D3MU48C94G228471 | PCI:2355
CUMMINS RX ID:0x18ECFF00 [8]: 20 15 00 03 FF EC FE 00 
CUMMINS RX ID:0x18EBFF00 [8]: 01 33 44 33 4D 55 34 38 
CUMMINS RX ID:0x18EBFF00 [8]: 02 43 39 34 47 32 32 38 
CUMMINS RX ID:0x18EBFF00 [8]: 03 34 37 31 FF FF FF 2A 
Batt:13.31V | Ambient:2.0C | Load:0.0% | Oil:0kPa | IAT:2.0C | Odo:8332.4km | VIN:3D3MU48C94G228471 | PCI:2362
CUMMINS RX ID:0x18FEE000 [8]: 00 00 00 00 63 04 01 00 
CUMMINS odometer: 8332.4 km
MSCAN 4/4 svc:0x21 addr:0x40
Batt:13.44V | Ambient:2.0C | Load:0.0% | Oil:0kPa | IAT:2.0C | Odo:8332.4km | VIN:3D3MU48C94G228471 | PCI:2376
CUMMINS RX ID:0x18FEEE00 [8]: 2B FE E8 1F FF FF FF FF 
Batt:13.44V | Ambient:2.0C | Load:0.0% | Oil:0kPa | IAT:2.0C | Odo:8332.4km | VIN:3D3MU48C94G228471 | PCI:2406
Batt:13.50V | Ambient:2.0C | Load:0.0% | Oil:0kPa | IAT:2.0C | Odo:8332.4km | VIN:3D3MU48C94G228471 | PCI:2434
CUMMINS RX ID:0x18FEF100 [8]: FF 00 00 00 00 00 00 C0 
MSCAN 4/4 svc:0x21 addr:0x60
Batt:13.50V | Ambient:2.0C | Load:0.0% | Oil:0kPa | IAT:2.0C | Odo:8332.4km | VIN:3D3MU48C94G228471 | PCI:2465
CUMMINS RX ID:0x18ECFF00 [8]: 20 15 00 03 FF EC FE 00 
CUMMINS RX ID:0x18EBFF00 [8]: 01 33 44 33 4D 55 34 38 
CUMMINS RX ID:0x18EBFF00 [8]: 02 43 39 34 47 32 32 38 
CUMMINS RX ID:0x18EBFF00 [8]: 03 34 37 31 FF FF FF 2A 
Batt:13.44V | Ambient:2.0C | Load:0.0% | Oil:0kPa | IAT:2.0C | Odo:8332.4km | VIN:3D3MU48C94G228471 | PCI:2496
CUMMINS RX ID:0x18FEE000 [8]: 00 00 00 00 63 04 01 00 
CUMMINS odometer: 8332.4 km
Batt:13.44V | Ambient:2.0C | Load:0.0% | Oil:0kPa | IAT:2.0C | Odo:8332.4km | VIN:3D3MU48C94G228471 | PCI:2523
CUMMINS RX ID:0x18FEEE00 [8]: 2B FE E8 1F FF FF FF FF 
MSCAN 4/4 svc:0x21 addr:0x80
Batt:13.44V | Ambient:2.0C | Load:0.0% | Oil:0kPa | IAT:2.0C | Odo:8332.4km | VIN:3D3MU48C94G228471 | PCI:2554
Batt:13.38V | Ambient:2.0C | Load:0.0% | Oil:0kPa | IAT:2.0C | Odo:8332.4km | VIN:3D3MU48C94G228471 | PCI:2585
CUMMINS RX ID:0x18FEF100 [8]: FF 00 00 00 00 00 00 C0 
Batt:13.31V | Ambient:2.0C | Load:0.0% | Oil:0kPa | IAT:2.0C | Odo:8332.4km | VIN:3D3MU48C94G228471 | PCI:2617
CUMMINS RX ID:0x18ECFF00 [8]: 20 15 00 03 FF EC FE 00 
CUMMINS RX ID:0x18EBFF00 [8]: 01 33 44 33 4D 55 34 38 
CUMMINS RX ID:0x18EBFF00 [8]: 02 43 39 34 47 32 32 38 
CUMMINS RX ID:0x18EBFF00 [8]: 03 34 37 31 FF FF FF 2A 
Batt:13.31V | Ambient:2.0C | Load:0.0% | Oil:0kPa | IAT:2.0C | Odo:8332.4km | VIN:3D3MU48C94G228471 | PCI:2643
CUMMINS RX ID:0x18FEE000 [8]: 00 00 00 00 63 04 01 00 
CUMMINS odometer: 8332.4 km
MSCAN 4/4 svc:0x21 addr:0xA0
Batt:13.31V | Ambient:2.0C | Load:0.0% | Oil:0kPa | IAT:2.0C | Odo:8332.4km | VIN:3D3MU48C94G228471 | PCI:2675
CUMMINS RX ID:0x18FEEE00 [8]: 2B FE E8 1F FF FF FF FF 
Batt:13.31V | Ambient:2.0C | Load:0.0% | Oil:0kPa | IAT:2.0C | Odo:8332.4km | VIN:3D3MU48C94G228471 | PCI:2706
Batt:13.06V | Ambient:2.0C | Load:0.0% | Oil:0kPa | IAT:2.0C | Odo:8332.4km | VIN:3D3MU48C94G228471 | PCI:2733
CUMMINS RX ID:0x18FEF100 [8]: FF 00 00 00 00 00 00 C0 
MSCAN 4/4 svc:0x21 addr:0xC0
Batt:13.00V | Ambient:2.0C | Load:0.0% | Oil:0kPa | IAT:2.0C | Odo:8332.4km | VIN:3D3MU48C94G228471 | PCI:2763
CUMMINS RX ID:0x18ECFF00 [8]: 20 15 00 03 FF EC FE 00 
CUMMINS RX ID:0x18EBFF00 [8]: 01 33 44 33 4D 55 34 38 
CUMMINS RX ID:0x18EBFF00 [8]: 02 43 39 34 47 32 32 38 
CUMMINS RX ID:0x18EBFF00 [8]: 03 34 37 31 FF FF FF 2A 
Batt:12.88V | Ambient:2.0C | Load:0.0% | Oil:0kPa | IAT:2.0C | Odo:8332.4km | VIN:3D3MU48C94G228471 | PCI:2796
CUMMINS RX ID:0x18FEE000 [8]: 00 00 00 00 63 04 01 00 
CUMMINS odometer: 8332.4 km
Batt:12.88V | Ambient:2.0C | Load:0.0% | Oil:0kPa | IAT:2.0C | Odo:8332.4km | VIN:3D3MU48C94G228471 | PCI:2826
CUMMINS RX ID:0x18FEEE00 [8]: 2B FE E8 1F FF FF FF FF 
MSCAN 4/4 svc:0x21 addr:0xE0
Batt:12.88V | Ambient:2.0C | Load:0.0% | Oil:0kPa | IAT:2.0C | Odo:8332.4km | VIN:3D3MU48C94G228471 | PCI:2852
Batt:13.00V | Ambient:2.0C | Load:0.0% | Oil:0kPa | IAT:2.0C | Odo:8332.4km | VIN:3D3MU48C94G228471 | PCI:2884
CUMMINS RX ID:0x18FEF100 [8]: FF 00 00 00 00 00 00 C0 
Batt:13.06V | Ambient:2.0C | Load:0.0% | Oil:0kPa | IAT:2.0C | Odo:8332.4km | VIN:3D3MU48C94G228471 | PCI:2915
CUMMINS RX ID:0x18ECFF00 [8]: 20 15 00 03 FF EC FE 00 
CUMMINS RX ID:0x18EBFF00 [8]: 01 33 44 33 4D 55 34 38 
CUMMINS RX ID:0x18EBFF00 [8]: 02 43 39 34 47 32 32 38 
CUMMINS RX ID:0x18EBFF00 [8]: 03 34 37 31 FF FF FF 2A 
MODULE SCAN COMPLETE
Batt:13.13V | Ambient:2.0C | Load:0.0% | Oil:0kPa | IAT:2.0C | Odo:8332.4km | VIN:3D3MU48C94G228471 | PCI:2941
CUMMINS RX ID:0x18FEE000 [8]: 00 00 00 00 63 04 01 00 
CUMMINS odometer: 8332.4 km
Batt:13.13V | Ambient:2.0C | Load:0.0% | Oil:0kPa | IAT:2.0C | Odo:8332.4km | VIN:3D3MU48C94G228471 | PCI:2972
CUMMINS RX ID:0x18FEEE00 [8]: 2B FE E8 1F FF FF FF FF 
Batt:13.25V | Ambient:2.0C | Load:0.0% | Oil:0kPa | IAT:2.0C | Odo:8332.4km | VIN:3D3MU48C94G228471 | PCI:3004
Batt:13.31V | Ambient:2.0C | Load:0.0% | Oil:0kPa | IAT:2.0C | Odo:8332.4km | VIN:3D3MU48C94G228471 | PCI:3034
CUMMINS RX ID:0x18FEF100 [8]: FF 00 00 00 00 00 00 C0 
Batt:13.31V | Ambient:2.0C | Load:0.0% | Oil:0kPa | IAT:2.0C | Odo:8332.4km | VIN:3D3MU48C94G228471 | PCI:3062
CUMMINS RX ID:0x18ECFF00 [8]: 20 15 00 03 FF EC FE 00 
CUMMINS RX ID:0x18EBFF00 [8]: 01 33 44 33 4D 55 34 38 
CUMMINS RX ID:0x18EBFF00 [8]: 02 43 39 34 47 32 32 38 
CUMMINS RX ID:0x18EBFF00 [8]: 03 34 37 31 FF FF FF 2A 
